C51 COMPILER V9.51   U3                                                                    06/16/2022 11:52:11 PAGE 1   


C51 COMPILER V9.51, COMPILATION OF MODULE U3
OBJECT MODULE PLACED IN U3.OBJ
COMPILER INVOKED BY: C:\Keil\C51\BIN\C51.EXE U3.c BROWSE DEBUG OBJECTEXTEND TABS(2)

line level    source

   1          #include <REGX52.H>
   2          
   3          unsigned char xdata LeftNum _at_ 0xFE00;
   4          unsigned char xdata RightNum _at_ 0xFD00;
   5          sbit Button = P3^2;
   6          
   7          unsigned char code numbers[] = {0x3F, 0x06, 0x5B, 0x4F, 0x66, 0x6D, 0x7D, 0x07, 0x7F, 0x6F};
   8          unsigned char Leftidx_numbers;
   9          unsigned char Rightidx_numbers;
  10          unsigned char Leftidx_letters;
  11          unsigned char Rightidx_letters;
  12          unsigned char code letters[] = {0x76, 0x06};
  13          unsigned char isLetter = 0;
  14          
  15          void Delay(void)
  16          {
  17   1         unsigned char i;
  18   1         unsigned char j;
  19   1         for(i=0;i<150;i++)
  20   1         {
  21   2            for(j=0;j<200;j++)
  22   2            { ; }
  23   2         }
  24   1      }
  25          
  26          void ISR_Timer(void) interrupt 3
  27          {
  28   1        if(isLetter == 0)
  29   1        {
  30   2          LeftNum = numbers[Leftidx_numbers];
  31   2          RightNum = numbers[Rightidx_numbers];
  32   2        }
  33   1        else if(isLetter == 1)
  34   1        {
  35   2          LeftNum = letters[Leftidx_letters];
  36   2          RightNum = letters[Rightidx_letters];
  37   2        }
  38   1      }
  39          
  40          void Init(void)
  41          {
  42   1        TCON = 0x00;
  43   1        TMOD = TMOD & 0x0F;
  44   1        TMOD = TMOD | 0x20;
  45   1        TL1 = TH1 = 0x00;
  46   1        ET1 = 1;
  47   1        EA = 1;
  48   1        TR1 = 1;
  49   1      }
  50          
  51          void Int0() interrupt 0   
  52           {
  53   1        EX0 = 0;
  54   1        Leftidx_numbers = 1;
  55   1        Rightidx_numbers = 0;
C51 COMPILER V9.51   U3                                                                    06/16/2022 11:52:11 PAGE 2   

  56   1        isLetter = 0;
  57   1        EX0 = 1;  
  58   1       }
  59           
  60           void initialize()           
  61           {
  62   1        IT0 = 1;  
  63   1        EX0 = 1;  
  64   1        EA = 1;   
  65   1       }
  66          
  67          void main(void)
  68          {
  69   1        Init();
  70   1        initialize();
  71   1        Leftidx_numbers = 1;
  72   1        Rightidx_numbers = 0;
  73   1        while(1)
  74   1        {
  75   2          Delay();
  76   2          if(Rightidx_numbers > 0)
  77   2          {
  78   3            isLetter = 0;
  79   3            Leftidx_numbers = 0;
  80   3            Rightidx_numbers--;
  81   3          }
  82   2          else if(Rightidx_numbers == 0 && Leftidx_numbers != 0)
  83   2          {
  84   3            isLetter = 0;
  85   3            Leftidx_numbers = 0;
  86   3            Rightidx_numbers = 9;
  87   3          }
  88   2          else if(Rightidx_numbers == 0 && Leftidx_numbers == 0)
  89   2          {
  90   3            isLetter = 1;
  91   3            Leftidx_letters = 0;
  92   3            Rightidx_letters = 1;
  93   3          }
  94   2        }
  95   1      }


MODULE INFORMATION:   STATIC OVERLAYABLE
   CODE SIZE        =    184    ----
   CONSTANT SIZE    =     12    ----
   XDATA SIZE       =   ----    ----
   PDATA SIZE       =   ----    ----
   DATA SIZE        =      5    ----
   IDATA SIZE       =   ----    ----
   BIT SIZE         =   ----    ----
END OF MODULE INFORMATION.


C51 COMPILATION COMPLETE.  0 WARNING(S),  0 ERROR(S)
