C51 COMPILER V9.51   U5                                                                    06/16/2022 13:25:27 PAGE 1   


C51 COMPILER V9.51, COMPILATION OF MODULE U5
OBJECT MODULE PLACED IN U5.OBJ
COMPILER INVOKED BY: C:\Keil\C51\BIN\C51.EXE U5.c BROWSE DEBUG OBJECTEXTEND TABS(2)

line level    source

   1          #include <REGX52.H>
   2          
   3          void main(void)
   4          {
   5   1        
   6   1      }


MODULE INFORMATION:   STATIC OVERLAYABLE
   CODE SIZE        =      1    ----
   CONSTANT SIZE    =   ----    ----
   XDATA SIZE       =   ----    ----
   PDATA SIZE       =   ----    ----
   DATA SIZE        =   ----    ----
   IDATA SIZE       =   ----    ----
   BIT SIZE         =   ----    ----
END OF MODULE INFORMATION.


C51 COMPILATION COMPLETE.  0 WARNING(S),  0 ERROR(S)
